

Microchip MPLAB XC8 Assembler V2.46 build 20240104201356 
                                                                                               Sat Jul  6 20:06:30 2024

Microchip MPLAB XC8 C Compiler v2.46 (Free license) build 20240104201356 Og1 
     1                           	processor	16F1827
     2                           	pagewidth 120
     3                           	opt	flic
     4                           	psect	nvCOMMON,global,class=COMMON,space=1,delta=1,noexec
     5                           	psect	cinit,global,class=CODE,merge=1,delta=2
     6                           	psect	bssCOMMON,global,class=COMMON,space=1,delta=1,noexec
     7                           	psect	cstackCOMMON,global,class=COMMON,space=1,delta=1,noexec
     8                           	psect	maintext,global,class=CODE,merge=1,split=1,delta=2
     9                           	psect	text1,local,class=CODE,merge=1,delta=2
    10                           	psect	text2,local,class=CODE,merge=1,delta=2
    11                           	psect	text3,local,class=CODE,merge=1,delta=2
    12                           	psect	text4,local,class=CODE,merge=1,delta=2
    13                           	psect	text5,local,class=CODE,merge=1,delta=2
    14                           	psect	text6,local,class=CODE,merge=1,delta=2
    15                           	psect	text7,local,class=CODE,merge=1,delta=2
    16                           	psect	idloc,global,abs,ovrld,class=IDLOC,space=5,delta=2,noexec
    17                           	psect	config,global,abs,ovrld,class=CONFIG,space=4,delta=2,noexec
    18                           	dabs	1,0x7E,2
    19     0000                     
    20                           ; Generated 06/07/2023 GMT
    21                           ; 
    22                           ; Copyright © 2023, Microchip Technology Inc. and its subsidiaries ("Microchip")
    23                           ; All rights reserved.
    24                           ; 
    25                           ; This software is developed by Microchip Technology Inc. and its subsidiaries ("Microch
      +                          ip").
    26                           ; 
    27                           ; Redistribution and use in source and binary forms, with or without modification, are
    28                           ; permitted provided that the following conditions are met:
    29                           ; 
    30                           ;     1. Redistributions of source code must retain the above copyright notice, this lis
      +                          t of
    31                           ;        conditions and the following disclaimer.
    32                           ; 
    33                           ;     2. Redistributions in binary form must reproduce the above copyright notice, this 
      +                          list
    34                           ;        of conditions and the following disclaimer in the documentation and/or other
    35                           ;        materials provided with the distribution. Publication is not required when
    36                           ;        this file is used in an embedded application.
    37                           ; 
    38                           ;     3. Microchip's name may not be used to endorse or promote products derived from th
      +                          is
    39                           ;        software without specific prior written permission.
    40                           ; 
    41                           ; THIS SOFTWARE IS PROVIDED BY MICROCHIP "AS IS" AND ANY EXPRESS OR IMPLIED WARRANTIES,
    42                           ; INCLUDING, BUT NOT LIMITED TO, THE IMPLIED WARRANTIES OF MERCHANTABILITY AND FITNESS F
      +                          OR
    43                           ; PURPOSE ARE DISCLAIMED.  IN NO EVENT SHALL MICROCHIP BE LIABLE FOR ANY DIRECT, INDIREC
      +                          T,
    44                           ; INCIDENTAL, SPECIAL, EXEMPLARY, OR CONSEQUENTIAL DAMAGES (INCLUDING BUT NOT LIMITED TO
    45                           ; PROCUREMENT OF SUBSTITUTE GOODS OR SERVICES; LOSS OF USE, DATA OR PROFITS; OR BUSINESS
    46                           ; INTERRUPTION) HOWSOEVER CAUSED AND ON ANY THEORY OF LIABILITY, WHETHER IN CONTRACT, ST
      +                          RICT
    47                           ; LIABILITY, OR TORT (INCLUDING NEGLIGENCE OR OTHERWISE) ARISING IN ANY WAY OUT OF THE U
      +                          SE OF
    48                           ; THIS SOFTWARE, EVEN IF ADVISED OF THE POSSIBILITY OF SUCH DAMAGE.
    49                           ; 
    50                           ; 
    51                           ; Code-generator required, PIC16F1827 Definitions
    52                           ; 
    53                           ; SFR Addresses
    54     0000                     	;# 
    55     0001                     	;# 
    56     0002                     	;# 
    57     0003                     	;# 
    58     0004                     	;# 
    59     0005                     	;# 
    60     0006                     	;# 
    61     0007                     	;# 
    62     0008                     	;# 
    63     0009                     	;# 
    64     000A                     	;# 
    65     000B                     	;# 
    66     000C                     	;# 
    67     000D                     	;# 
    68     0011                     	;# 
    69     0012                     	;# 
    70     0013                     	;# 
    71     0014                     	;# 
    72     0015                     	;# 
    73     0016                     	;# 
    74     0016                     	;# 
    75     0017                     	;# 
    76     0018                     	;# 
    77     0019                     	;# 
    78     001A                     	;# 
    79     001B                     	;# 
    80     001C                     	;# 
    81     001E                     	;# 
    82     001F                     	;# 
    83     008C                     	;# 
    84     008D                     	;# 
    85     0091                     	;# 
    86     0092                     	;# 
    87     0093                     	;# 
    88     0094                     	;# 
    89     0095                     	;# 
    90     0096                     	;# 
    91     0097                     	;# 
    92     0098                     	;# 
    93     0099                     	;# 
    94     009A                     	;# 
    95     009B                     	;# 
    96     009B                     	;# 
    97     009C                     	;# 
    98     009D                     	;# 
    99     009E                     	;# 
   100     010C                     	;# 
   101     010D                     	;# 
   102     0111                     	;# 
   103     0112                     	;# 
   104     0113                     	;# 
   105     0114                     	;# 
   106     0115                     	;# 
   107     0116                     	;# 
   108     0117                     	;# 
   109     0118                     	;# 
   110     0119                     	;# 
   111     011A                     	;# 
   112     011B                     	;# 
   113     011D                     	;# 
   114     011E                     	;# 
   115     018C                     	;# 
   116     018D                     	;# 
   117     0191                     	;# 
   118     0191                     	;# 
   119     0192                     	;# 
   120     0193                     	;# 
   121     0193                     	;# 
   122     0193                     	;# 
   123     0194                     	;# 
   124     0195                     	;# 
   125     0196                     	;# 
   126     0199                     	;# 
   127     019A                     	;# 
   128     019B                     	;# 
   129     019B                     	;# 
   130     019B                     	;# 
   131     019B                     	;# 
   132     019C                     	;# 
   133     019C                     	;# 
   134     019D                     	;# 
   135     019E                     	;# 
   136     019F                     	;# 
   137     020C                     	;# 
   138     020D                     	;# 
   139     0211                     	;# 
   140     0211                     	;# 
   141     0212                     	;# 
   142     0212                     	;# 
   143     0213                     	;# 
   144     0213                     	;# 
   145     0214                     	;# 
   146     0214                     	;# 
   147     0215                     	;# 
   148     0215                     	;# 
   149     0215                     	;# 
   150     0216                     	;# 
   151     0216                     	;# 
   152     0217                     	;# 
   153     0217                     	;# 
   154     0219                     	;# 
   155     021A                     	;# 
   156     021B                     	;# 
   157     021C                     	;# 
   158     021D                     	;# 
   159     021E                     	;# 
   160     021F                     	;# 
   161     0291                     	;# 
   162     0291                     	;# 
   163     0292                     	;# 
   164     0293                     	;# 
   165     0294                     	;# 
   166     0295                     	;# 
   167     0295                     	;# 
   168     0296                     	;# 
   169     0298                     	;# 
   170     0298                     	;# 
   171     0299                     	;# 
   172     029A                     	;# 
   173     029B                     	;# 
   174     029C                     	;# 
   175     029C                     	;# 
   176     029D                     	;# 
   177     029E                     	;# 
   178     029E                     	;# 
   179     0311                     	;# 
   180     0311                     	;# 
   181     0312                     	;# 
   182     0313                     	;# 
   183     0318                     	;# 
   184     0318                     	;# 
   185     0319                     	;# 
   186     031A                     	;# 
   187     0394                     	;# 
   188     0395                     	;# 
   189     0396                     	;# 
   190     039A                     	;# 
   191     039C                     	;# 
   192     039D                     	;# 
   193     039E                     	;# 
   194     039F                     	;# 
   195     0415                     	;# 
   196     0416                     	;# 
   197     0417                     	;# 
   198     041C                     	;# 
   199     041D                     	;# 
   200     041E                     	;# 
   201     0FE4                     	;# 
   202     0FE5                     	;# 
   203     0FE6                     	;# 
   204     0FE7                     	;# 
   205     0FE8                     	;# 
   206     0FE9                     	;# 
   207     0FEA                     	;# 
   208     0FEB                     	;# 
   209     0FED                     	;# 
   210     0FEE                     	;# 
   211     0FEF                     	;# 
   212     0000                     	;# 
   213     0001                     	;# 
   214     0002                     	;# 
   215     0003                     	;# 
   216     0004                     	;# 
   217     0005                     	;# 
   218     0006                     	;# 
   219     0007                     	;# 
   220     0008                     	;# 
   221     0009                     	;# 
   222     000A                     	;# 
   223     000B                     	;# 
   224     000C                     	;# 
   225     000D                     	;# 
   226     0011                     	;# 
   227     0012                     	;# 
   228     0013                     	;# 
   229     0014                     	;# 
   230     0015                     	;# 
   231     0016                     	;# 
   232     0016                     	;# 
   233     0017                     	;# 
   234     0018                     	;# 
   235     0019                     	;# 
   236     001A                     	;# 
   237     001B                     	;# 
   238     001C                     	;# 
   239     001E                     	;# 
   240     001F                     	;# 
   241     008C                     	;# 
   242     008D                     	;# 
   243     0091                     	;# 
   244     0092                     	;# 
   245     0093                     	;# 
   246     0094                     	;# 
   247     0095                     	;# 
   248     0096                     	;# 
   249     0097                     	;# 
   250     0098                     	;# 
   251     0099                     	;# 
   252     009A                     	;# 
   253     009B                     	;# 
   254     009B                     	;# 
   255     009C                     	;# 
   256     009D                     	;# 
   257     009E                     	;# 
   258     010C                     	;# 
   259     010D                     	;# 
   260     0111                     	;# 
   261     0112                     	;# 
   262     0113                     	;# 
   263     0114                     	;# 
   264     0115                     	;# 
   265     0116                     	;# 
   266     0117                     	;# 
   267     0118                     	;# 
   268     0119                     	;# 
   269     011A                     	;# 
   270     011B                     	;# 
   271     011D                     	;# 
   272     011E                     	;# 
   273     018C                     	;# 
   274     018D                     	;# 
   275     0191                     	;# 
   276     0191                     	;# 
   277     0192                     	;# 
   278     0193                     	;# 
   279     0193                     	;# 
   280     0193                     	;# 
   281     0194                     	;# 
   282     0195                     	;# 
   283     0196                     	;# 
   284     0199                     	;# 
   285     019A                     	;# 
   286     019B                     	;# 
   287     019B                     	;# 
   288     019B                     	;# 
   289     019B                     	;# 
   290     019C                     	;# 
   291     019C                     	;# 
   292     019D                     	;# 
   293     019E                     	;# 
   294     019F                     	;# 
   295     020C                     	;# 
   296     020D                     	;# 
   297     0211                     	;# 
   298     0211                     	;# 
   299     0212                     	;# 
   300     0212                     	;# 
   301     0213                     	;# 
   302     0213                     	;# 
   303     0214                     	;# 
   304     0214                     	;# 
   305     0215                     	;# 
   306     0215                     	;# 
   307     0215                     	;# 
   308     0216                     	;# 
   309     0216                     	;# 
   310     0217                     	;# 
   311     0217                     	;# 
   312     0219                     	;# 
   313     021A                     	;# 
   314     021B                     	;# 
   315     021C                     	;# 
   316     021D                     	;# 
   317     021E                     	;# 
   318     021F                     	;# 
   319     0291                     	;# 
   320     0291                     	;# 
   321     0292                     	;# 
   322     0293                     	;# 
   323     0294                     	;# 
   324     0295                     	;# 
   325     0295                     	;# 
   326     0296                     	;# 
   327     0298                     	;# 
   328     0298                     	;# 
   329     0299                     	;# 
   330     029A                     	;# 
   331     029B                     	;# 
   332     029C                     	;# 
   333     029C                     	;# 
   334     029D                     	;# 
   335     029E                     	;# 
   336     029E                     	;# 
   337     0311                     	;# 
   338     0311                     	;# 
   339     0312                     	;# 
   340     0313                     	;# 
   341     0318                     	;# 
   342     0318                     	;# 
   343     0319                     	;# 
   344     031A                     	;# 
   345     0394                     	;# 
   346     0395                     	;# 
   347     0396                     	;# 
   348     039A                     	;# 
   349     039C                     	;# 
   350     039D                     	;# 
   351     039E                     	;# 
   352     039F                     	;# 
   353     0415                     	;# 
   354     0416                     	;# 
   355     0417                     	;# 
   356     041C                     	;# 
   357     041D                     	;# 
   358     041E                     	;# 
   359     0FE4                     	;# 
   360     0FE5                     	;# 
   361     0FE6                     	;# 
   362     0FE7                     	;# 
   363     0FE8                     	;# 
   364     0FE9                     	;# 
   365     0FEA                     	;# 
   366     0FEB                     	;# 
   367     0FED                     	;# 
   368     0FEE                     	;# 
   369     0FEF                     	;# 
   370     0000                     	;# 
   371     0001                     	;# 
   372     0002                     	;# 
   373     0003                     	;# 
   374     0004                     	;# 
   375     0005                     	;# 
   376     0006                     	;# 
   377     0007                     	;# 
   378     0008                     	;# 
   379     0009                     	;# 
   380     000A                     	;# 
   381     000B                     	;# 
   382     000C                     	;# 
   383     000D                     	;# 
   384     0011                     	;# 
   385     0012                     	;# 
   386     0013                     	;# 
   387     0014                     	;# 
   388     0015                     	;# 
   389     0016                     	;# 
   390     0016                     	;# 
   391     0017                     	;# 
   392     0018                     	;# 
   393     0019                     	;# 
   394     001A                     	;# 
   395     001B                     	;# 
   396     001C                     	;# 
   397     001E                     	;# 
   398     001F                     	;# 
   399     008C                     	;# 
   400     008D                     	;# 
   401     0091                     	;# 
   402     0092                     	;# 
   403     0093                     	;# 
   404     0094                     	;# 
   405     0095                     	;# 
   406     0096                     	;# 
   407     0097                     	;# 
   408     0098                     	;# 
   409     0099                     	;# 
   410     009A                     	;# 
   411     009B                     	;# 
   412     009B                     	;# 
   413     009C                     	;# 
   414     009D                     	;# 
   415     009E                     	;# 
   416     010C                     	;# 
   417     010D                     	;# 
   418     0111                     	;# 
   419     0112                     	;# 
   420     0113                     	;# 
   421     0114                     	;# 
   422     0115                     	;# 
   423     0116                     	;# 
   424     0117                     	;# 
   425     0118                     	;# 
   426     0119                     	;# 
   427     011A                     	;# 
   428     011B                     	;# 
   429     011D                     	;# 
   430     011E                     	;# 
   431     018C                     	;# 
   432     018D                     	;# 
   433     0191                     	;# 
   434     0191                     	;# 
   435     0192                     	;# 
   436     0193                     	;# 
   437     0193                     	;# 
   438     0193                     	;# 
   439     0194                     	;# 
   440     0195                     	;# 
   441     0196                     	;# 
   442     0199                     	;# 
   443     019A                     	;# 
   444     019B                     	;# 
   445     019B                     	;# 
   446     019B                     	;# 
   447     019B                     	;# 
   448     019C                     	;# 
   449     019C                     	;# 
   450     019D                     	;# 
   451     019E                     	;# 
   452     019F                     	;# 
   453     020C                     	;# 
   454     020D                     	;# 
   455     0211                     	;# 
   456     0211                     	;# 
   457     0212                     	;# 
   458     0212                     	;# 
   459     0213                     	;# 
   460     0213                     	;# 
   461     0214                     	;# 
   462     0214                     	;# 
   463     0215                     	;# 
   464     0215                     	;# 
   465     0215                     	;# 
   466     0216                     	;# 
   467     0216                     	;# 
   468     0217                     	;# 
   469     0217                     	;# 
   470     0219                     	;# 
   471     021A                     	;# 
   472     021B                     	;# 
   473     021C                     	;# 
   474     021D                     	;# 
   475     021E                     	;# 
   476     021F                     	;# 
   477     0291                     	;# 
   478     0291                     	;# 
   479     0292                     	;# 
   480     0293                     	;# 
   481     0294                     	;# 
   482     0295                     	;# 
   483     0295                     	;# 
   484     0296                     	;# 
   485     0298                     	;# 
   486     0298                     	;# 
   487     0299                     	;# 
   488     029A                     	;# 
   489     029B                     	;# 
   490     029C                     	;# 
   491     029C                     	;# 
   492     029D                     	;# 
   493     029E                     	;# 
   494     029E                     	;# 
   495     0311                     	;# 
   496     0311                     	;# 
   497     0312                     	;# 
   498     0313                     	;# 
   499     0318                     	;# 
   500     0318                     	;# 
   501     0319                     	;# 
   502     031A                     	;# 
   503     0394                     	;# 
   504     0395                     	;# 
   505     0396                     	;# 
   506     039A                     	;# 
   507     039C                     	;# 
   508     039D                     	;# 
   509     039E                     	;# 
   510     039F                     	;# 
   511     0415                     	;# 
   512     0416                     	;# 
   513     0417                     	;# 
   514     041C                     	;# 
   515     041D                     	;# 
   516     041E                     	;# 
   517     0FE4                     	;# 
   518     0FE5                     	;# 
   519     0FE6                     	;# 
   520     0FE7                     	;# 
   521     0FE8                     	;# 
   522     0FE9                     	;# 
   523     0FEA                     	;# 
   524     0FEB                     	;# 
   525     0FED                     	;# 
   526     0FEE                     	;# 
   527     0FEF                     	;# 
   528     0000                     	;# 
   529     0001                     	;# 
   530     0002                     	;# 
   531     0003                     	;# 
   532     0004                     	;# 
   533     0005                     	;# 
   534     0006                     	;# 
   535     0007                     	;# 
   536     0008                     	;# 
   537     0009                     	;# 
   538     000A                     	;# 
   539     000B                     	;# 
   540     000C                     	;# 
   541     000D                     	;# 
   542     0011                     	;# 
   543     0012                     	;# 
   544     0013                     	;# 
   545     0014                     	;# 
   546     0015                     	;# 
   547     0016                     	;# 
   548     0016                     	;# 
   549     0017                     	;# 
   550     0018                     	;# 
   551     0019                     	;# 
   552     001A                     	;# 
   553     001B                     	;# 
   554     001C                     	;# 
   555     001E                     	;# 
   556     001F                     	;# 
   557     008C                     	;# 
   558     008D                     	;# 
   559     0091                     	;# 
   560     0092                     	;# 
   561     0093                     	;# 
   562     0094                     	;# 
   563     0095                     	;# 
   564     0096                     	;# 
   565     0097                     	;# 
   566     0098                     	;# 
   567     0099                     	;# 
   568     009A                     	;# 
   569     009B                     	;# 
   570     009B                     	;# 
   571     009C                     	;# 
   572     009D                     	;# 
   573     009E                     	;# 
   574     010C                     	;# 
   575     010D                     	;# 
   576     0111                     	;# 
   577     0112                     	;# 
   578     0113                     	;# 
   579     0114                     	;# 
   580     0115                     	;# 
   581     0116                     	;# 
   582     0117                     	;# 
   583     0118                     	;# 
   584     0119                     	;# 
   585     011A                     	;# 
   586     011B                     	;# 
   587     011D                     	;# 
   588     011E                     	;# 
   589     018C                     	;# 
   590     018D                     	;# 
   591     0191                     	;# 
   592     0191                     	;# 
   593     0192                     	;# 
   594     0193                     	;# 
   595     0193                     	;# 
   596     0193                     	;# 
   597     0194                     	;# 
   598     0195                     	;# 
   599     0196                     	;# 
   600     0199                     	;# 
   601     019A                     	;# 
   602     019B                     	;# 
   603     019B                     	;# 
   604     019B                     	;# 
   605     019B                     	;# 
   606     019C                     	;# 
   607     019C                     	;# 
   608     019D                     	;# 
   609     019E                     	;# 
   610     019F                     	;# 
   611     020C                     	;# 
   612     020D                     	;# 
   613     0211                     	;# 
   614     0211                     	;# 
   615     0212                     	;# 
   616     0212                     	;# 
   617     0213                     	;# 
   618     0213                     	;# 
   619     0214                     	;# 
   620     0214                     	;# 
   621     0215                     	;# 
   622     0215                     	;# 
   623     0215                     	;# 
   624     0216                     	;# 
   625     0216                     	;# 
   626     0217                     	;# 
   627     0217                     	;# 
   628     0219                     	;# 
   629     021A                     	;# 
   630     021B                     	;# 
   631     021C                     	;# 
   632     021D                     	;# 
   633     021E                     	;# 
   634     021F                     	;# 
   635     0291                     	;# 
   636     0291                     	;# 
   637     0292                     	;# 
   638     0293                     	;# 
   639     0294                     	;# 
   640     0295                     	;# 
   641     0295                     	;# 
   642     0296                     	;# 
   643     0298                     	;# 
   644     0298                     	;# 
   645     0299                     	;# 
   646     029A                     	;# 
   647     029B                     	;# 
   648     029C                     	;# 
   649     029C                     	;# 
   650     029D                     	;# 
   651     029E                     	;# 
   652     029E                     	;# 
   653     0311                     	;# 
   654     0311                     	;# 
   655     0312                     	;# 
   656     0313                     	;# 
   657     0318                     	;# 
   658     0318                     	;# 
   659     0319                     	;# 
   660     031A                     	;# 
   661     0394                     	;# 
   662     0395                     	;# 
   663     0396                     	;# 
   664     039A                     	;# 
   665     039C                     	;# 
   666     039D                     	;# 
   667     039E                     	;# 
   668     039F                     	;# 
   669     0415                     	;# 
   670     0416                     	;# 
   671     0417                     	;# 
   672     041C                     	;# 
   673     041D                     	;# 
   674     041E                     	;# 
   675     0FE4                     	;# 
   676     0FE5                     	;# 
   677     0FE6                     	;# 
   678     0FE7                     	;# 
   679     0FE8                     	;# 
   680     0FE9                     	;# 
   681     0FEA                     	;# 
   682     0FEB                     	;# 
   683     0FED                     	;# 
   684     0FEE                     	;# 
   685     0FEF                     	;# 
   686     0000                     	;# 
   687     0001                     	;# 
   688     0002                     	;# 
   689     0003                     	;# 
   690     0004                     	;# 
   691     0005                     	;# 
   692     0006                     	;# 
   693     0007                     	;# 
   694     0008                     	;# 
   695     0009                     	;# 
   696     000A                     	;# 
   697     000B                     	;# 
   698     000C                     	;# 
   699     000D                     	;# 
   700     0011                     	;# 
   701     0012                     	;# 
   702     0013                     	;# 
   703     0014                     	;# 
   704     0015                     	;# 
   705     0016                     	;# 
   706     0016                     	;# 
   707     0017                     	;# 
   708     0018                     	;# 
   709     0019                     	;# 
   710     001A                     	;# 
   711     001B                     	;# 
   712     001C                     	;# 
   713     001E                     	;# 
   714     001F                     	;# 
   715     008C                     	;# 
   716     008D                     	;# 
   717     0091                     	;# 
   718     0092                     	;# 
   719     0093                     	;# 
   720     0094                     	;# 
   721     0095                     	;# 
   722     0096                     	;# 
   723     0097                     	;# 
   724     0098                     	;# 
   725     0099                     	;# 
   726     009A                     	;# 
   727     009B                     	;# 
   728     009B                     	;# 
   729     009C                     	;# 
   730     009D                     	;# 
   731     009E                     	;# 
   732     010C                     	;# 
   733     010D                     	;# 
   734     0111                     	;# 
   735     0112                     	;# 
   736     0113                     	;# 
   737     0114                     	;# 
   738     0115                     	;# 
   739     0116                     	;# 
   740     0117                     	;# 
   741     0118                     	;# 
   742     0119                     	;# 
   743     011A                     	;# 
   744     011B                     	;# 
   745     011D                     	;# 
   746     011E                     	;# 
   747     018C                     	;# 
   748     018D                     	;# 
   749     0191                     	;# 
   750     0191                     	;# 
   751     0192                     	;# 
   752     0193                     	;# 
   753     0193                     	;# 
   754     0193                     	;# 
   755     0194                     	;# 
   756     0195                     	;# 
   757     0196                     	;# 
   758     0199                     	;# 
   759     019A                     	;# 
   760     019B                     	;# 
   761     019B                     	;# 
   762     019B                     	;# 
   763     019B                     	;# 
   764     019C                     	;# 
   765     019C                     	;# 
   766     019D                     	;# 
   767     019E                     	;# 
   768     019F                     	;# 
   769     020C                     	;# 
   770     020D                     	;# 
   771     0211                     	;# 
   772     0211                     	;# 
   773     0212                     	;# 
   774     0212                     	;# 
   775     0213                     	;# 
   776     0213                     	;# 
   777     0214                     	;# 
   778     0214                     	;# 
   779     0215                     	;# 
   780     0215                     	;# 
   781     0215                     	;# 
   782     0216                     	;# 
   783     0216                     	;# 
   784     0217                     	;# 
   785     0217                     	;# 
   786     0219                     	;# 
   787     021A                     	;# 
   788     021B                     	;# 
   789     021C                     	;# 
   790     021D                     	;# 
   791     021E                     	;# 
   792     021F                     	;# 
   793     0291                     	;# 
   794     0291                     	;# 
   795     0292                     	;# 
   796     0293                     	;# 
   797     0294                     	;# 
   798     0295                     	;# 
   799     0295                     	;# 
   800     0296                     	;# 
   801     0298                     	;# 
   802     0298                     	;# 
   803     0299                     	;# 
   804     029A                     	;# 
   805     029B                     	;# 
   806     029C                     	;# 
   807     029C                     	;# 
   808     029D                     	;# 
   809     029E                     	;# 
   810     029E                     	;# 
   811     0311                     	;# 
   812     0311                     	;# 
   813     0312                     	;# 
   814     0313                     	;# 
   815     0318                     	;# 
   816     0318                     	;# 
   817     0319                     	;# 
   818     031A                     	;# 
   819     0394                     	;# 
   820     0395                     	;# 
   821     0396                     	;# 
   822     039A                     	;# 
   823     039C                     	;# 
   824     039D                     	;# 
   825     039E                     	;# 
   826     039F                     	;# 
   827     0415                     	;# 
   828     0416                     	;# 
   829     0417                     	;# 
   830     041C                     	;# 
   831     041D                     	;# 
   832     041E                     	;# 
   833     0FE4                     	;# 
   834     0FE5                     	;# 
   835     0FE6                     	;# 
   836     0FE7                     	;# 
   837     0FE8                     	;# 
   838     0FE9                     	;# 
   839     0FEA                     	;# 
   840     0FEB                     	;# 
   841     0FED                     	;# 
   842     0FEE                     	;# 
   843     0FEF                     	;# 
   844     0000                     	;# 
   845     0001                     	;# 
   846     0002                     	;# 
   847     0003                     	;# 
   848     0004                     	;# 
   849     0005                     	;# 
   850     0006                     	;# 
   851     0007                     	;# 
   852     0008                     	;# 
   853     0009                     	;# 
   854     000A                     	;# 
   855     000B                     	;# 
   856     000C                     	;# 
   857     000D                     	;# 
   858     0011                     	;# 
   859     0012                     	;# 
   860     0013                     	;# 
   861     0014                     	;# 
   862     0015                     	;# 
   863     0016                     	;# 
   864     0016                     	;# 
   865     0017                     	;# 
   866     0018                     	;# 
   867     0019                     	;# 
   868     001A                     	;# 
   869     001B                     	;# 
   870     001C                     	;# 
   871     001E                     	;# 
   872     001F                     	;# 
   873     008C                     	;# 
   874     008D                     	;# 
   875     0091                     	;# 
   876     0092                     	;# 
   877     0093                     	;# 
   878     0094                     	;# 
   879     0095                     	;# 
   880     0096                     	;# 
   881     0097                     	;# 
   882     0098                     	;# 
   883     0099                     	;# 
   884     009A                     	;# 
   885     009B                     	;# 
   886     009B                     	;# 
   887     009C                     	;# 
   888     009D                     	;# 
   889     009E                     	;# 
   890     010C                     	;# 
   891     010D                     	;# 
   892     0111                     	;# 
   893     0112                     	;# 
   894     0113                     	;# 
   895     0114                     	;# 
   896     0115                     	;# 
   897     0116                     	;# 
   898     0117                     	;# 
   899     0118                     	;# 
   900     0119                     	;# 
   901     011A                     	;# 
   902     011B                     	;# 
   903     011D                     	;# 
   904     011E                     	;# 
   905     018C                     	;# 
   906     018D                     	;# 
   907     0191                     	;# 
   908     0191                     	;# 
   909     0192                     	;# 
   910     0193                     	;# 
   911     0193                     	;# 
   912     0193                     	;# 
   913     0194                     	;# 
   914     0195                     	;# 
   915     0196                     	;# 
   916     0199                     	;# 
   917     019A                     	;# 
   918     019B                     	;# 
   919     019B                     	;# 
   920     019B                     	;# 
   921     019B                     	;# 
   922     019C                     	;# 
   923     019C                     	;# 
   924     019D                     	;# 
   925     019E                     	;# 
   926     019F                     	;# 
   927     020C                     	;# 
   928     020D                     	;# 
   929     0211                     	;# 
   930     0211                     	;# 
   931     0212                     	;# 
   932     0212                     	;# 
   933     0213                     	;# 
   934     0213                     	;# 
   935     0214                     	;# 
   936     0214                     	;# 
   937     0215                     	;# 
   938     0215                     	;# 
   939     0215                     	;# 
   940     0216                     	;# 
   941     0216                     	;# 
   942     0217                     	;# 
   943     0217                     	;# 
   944     0219                     	;# 
   945     021A                     	;# 
   946     021B                     	;# 
   947     021C                     	;# 
   948     021D                     	;# 
   949     021E                     	;# 
   950     021F                     	;# 
   951     0291                     	;# 
   952     0291                     	;# 
   953     0292                     	;# 
   954     0293                     	;# 
   955     0294                     	;# 
   956     0295                     	;# 
   957     0295                     	;# 
   958     0296                     	;# 
   959     0298                     	;# 
   960     0298                     	;# 
   961     0299                     	;# 
   962     029A                     	;# 
   963     029B                     	;# 
   964     029C                     	;# 
   965     029C                     	;# 
   966     029D                     	;# 
   967     029E                     	;# 
   968     029E                     	;# 
   969     0311                     	;# 
   970     0311                     	;# 
   971     0312                     	;# 
   972     0313                     	;# 
   973     0318                     	;# 
   974     0318                     	;# 
   975     0319                     	;# 
   976     031A                     	;# 
   977     0394                     	;# 
   978     0395                     	;# 
   979     0396                     	;# 
   980     039A                     	;# 
   981     039C                     	;# 
   982     039D                     	;# 
   983     039E                     	;# 
   984     039F                     	;# 
   985     0415                     	;# 
   986     0416                     	;# 
   987     0417                     	;# 
   988     041C                     	;# 
   989     041D                     	;# 
   990     041E                     	;# 
   991     0FE4                     	;# 
   992     0FE5                     	;# 
   993     0FE6                     	;# 
   994     0FE7                     	;# 
   995     0FE8                     	;# 
   996     0FE9                     	;# 
   997     0FEA                     	;# 
   998     0FEB                     	;# 
   999     0FED                     	;# 
  1000     0FEE                     	;# 
  1001     0FEF                     	;# 
  1002                           
  1003                           	psect	nvCOMMON
  1004     0074                     __pnvCOMMON:
  1005     0074                     _lum:
  1006     0074                     	ds	2
  1007     0097                     _WDTCON	set	151
  1008     0098                     _OSCTUNE	set	152
  1009     0099                     _OSCCON	set	153
  1010     009D                     _ADCON0bits	set	157
  1011     009D                     _ADCON0	set	157
  1012     009C                     _ADRESH	set	156
  1013     009B                     _ADRESL	set	155
  1014     009E                     _ADCON1	set	158
  1015     0095                     _OPTION_REGbits	set	149
  1016     008D                     _TRISB	set	141
  1017     008C                     _TRISA	set	140
  1018     010C                     _LATAbits	set	268
  1019     0116                     _BORCON	set	278
  1020     0117                     _FVRCONbits	set	279
  1021     0117                     _FVRCON	set	279
  1022     011E                     _APFCON1	set	286
  1023     011D                     _APFCON0	set	285
  1024     010D                     _LATB	set	269
  1025     010C                     _LATA	set	268
  1026     018C                     _ANSELA	set	396
  1027     018D                     _ANSELB	set	397
  1028     020C                     _WPUA	set	524
  1029     020D                     _WPUB	set	525
  1030                           
  1031                           	psect	cinit
  1032     07FB                     start_initialization:	
  1033                           ; #config settings
  1034                           
  1035     07FB                     __initialization:
  1036                           
  1037                           ; Clear objects allocated to COMMON
  1038     07FB  01F6               	clrf	__pbssCOMMON& (0+127)
  1039     07FC  01F7               	clrf	(__pbssCOMMON+1)& (0+127)
  1040     07FD                     end_of_initialization:	
  1041                           ;End of C runtime variable initialization code
  1042                           
  1043     07FD                     __end_of__initialization:
  1044     07FD  0020               	movlb	0
  1045     07FE  3187  2FD6         	ljmp	_main	;jump to C main() function
  1046                           
  1047                           	psect	bssCOMMON
  1048     0076                     __pbssCOMMON:
  1049     0076                     _ADC_InterruptHandler:
  1050     0076                     	ds	2
  1051                           
  1052                           	psect	cstackCOMMON
  1053     0070                     __pcstackCOMMON:
  1054     0070                     ?_OSCILLATOR_Initialize:
  1055     0070                     ??_OSCILLATOR_Initialize:	
  1056                           ; 1 bytes @ 0x0
  1057                           
  1058     0070                     ?_WDT_Initialize:	
  1059                           ; 1 bytes @ 0x0
  1060                           
  1061     0070                     ??_WDT_Initialize:	
  1062                           ; 1 bytes @ 0x0
  1063                           
  1064     0070                     ?_PIN_MANAGER_Initialize:	
  1065                           ; 1 bytes @ 0x0
  1066                           
  1067     0070                     ??_PIN_MANAGER_Initialize:	
  1068                           ; 1 bytes @ 0x0
  1069                           
  1070     0070                     ?_FVR_Initialize:	
  1071                           ; 1 bytes @ 0x0
  1072                           
  1073     0070                     ??_FVR_Initialize:	
  1074                           ; 1 bytes @ 0x0
  1075                           
  1076     0070                     ?_ADC_Initialize:	
  1077                           ; 1 bytes @ 0x0
  1078                           
  1079     0070                     ??_ADC_Initialize:	
  1080                           ; 1 bytes @ 0x0
  1081                           
  1082     0070                     ?_SYSTEM_Initialize:	
  1083                           ; 1 bytes @ 0x0
  1084                           
  1085     0070                     ??_SYSTEM_Initialize:	
  1086                           ; 1 bytes @ 0x0
  1087                           
  1088     0070                     ?_main:	
  1089                           ; 1 bytes @ 0x0
  1090                           
  1091     0070                     ?_ADC_GetConversion:	
  1092                           ; 1 bytes @ 0x0
  1093                           
  1094                           
  1095                           ; 2 bytes @ 0x0
  1096     0070                     	ds	2
  1097     0072                     ??_ADC_GetConversion:
  1098                           
  1099                           ; 1 bytes @ 0x2
  1100     0072                     	ds	1
  1101     0073                     ADC_GetConversion@channel:
  1102                           
  1103                           ; 1 bytes @ 0x3
  1104     0073                     	ds	1
  1105     0074                     ??_main:
  1106                           
  1107                           	psect	maintext
  1108     07D6                     __pmaintext:	
  1109                           ; 1 bytes @ 0x4
  1110 ;;
  1111 ;;Main: autosize = 0, tempsize = 0, incstack = 0, save=0
  1112 ;;
  1113 ;; *************** function _main *****************
  1114 ;; Defined at:
  1115 ;;		line 51 in file "main.c"
  1116 ;; Parameters:    Size  Location     Type
  1117 ;;		None
  1118 ;; Auto vars:     Size  Location     Type
  1119 ;;		None
  1120 ;; Return value:  Size  Location     Type
  1121 ;;                  1    wreg      void 
  1122 ;; Registers used:
  1123 ;;		wreg, status,2, status,0, pclath, cstack
  1124 ;; Tracked objects:
  1125 ;;		On entry : B1F/0
  1126 ;;		On exit  : 0/0
  1127 ;;		Unchanged: 0/0
  1128 ;; Data sizes:     COMMON   BANK0   BANK1   BANK2   BANK3   BANK4
  1129 ;;      Params:         0       0       0       0       0       0
  1130 ;;      Locals:         0       0       0       0       0       0
  1131 ;;      Temps:          0       0       0       0       0       0
  1132 ;;      Totals:         0       0       0       0       0       0
  1133 ;;Total ram usage:        0 bytes
  1134 ;; Hardware stack levels required when called: 2
  1135 ;; This function calls:
  1136 ;;		_ADC_GetConversion
  1137 ;;		_SYSTEM_Initialize
  1138 ;; This function is called by:
  1139 ;;		Startup code after reset
  1140 ;; This function uses a non-reentrant model
  1141 ;;
  1142                           
  1143     07D6                     _main:	
  1144                           ;psect for function _main
  1145                           
  1146     07D6                     l821:	
  1147                           ;incstack = 0
  1148                           ; Regs used in _main: [wreg+status,2+status,0+pclath+cstack]
  1149                           
  1150                           
  1151                           ;main.c: 54:     SYSTEM_Initialize();
  1152     07D6  3187  2797  3187   	fcall	_SYSTEM_Initialize
  1153     07D9                     l116:	
  1154                           ;main.c: 71:     while (1)
  1155                           
  1156                           
  1157                           ;main.c: 72:     {;main.c: 73:         lum=ADC_GetConversion(channel_AN0);
  1158     07D9  3000               	movlw	0
  1159     07DA  3187  27BE  3187   	fcall	_ADC_GetConversion
  1160     07DD  0871               	movf	?_ADC_GetConversion+1,w
  1161     07DE  00F5               	movwf	_lum+1
  1162     07DF  0870               	movf	?_ADC_GetConversion,w
  1163     07E0  00F4               	movwf	_lum
  1164     07E1                     l823:
  1165                           
  1166                           ;main.c: 75:         if ((lum>20)&(lum<30)){
  1167     07E1  3000               	movlw	0
  1168     07E2  0275               	subwf	_lum+1,w
  1169     07E3  3015               	movlw	21
  1170     07E4  1903               	skipnz
  1171     07E5  0274               	subwf	_lum,w
  1172     07E6  1C03               	skipc
  1173     07E7  2FE9               	goto	u51
  1174     07E8  2FEA               	goto	u50
  1175     07E9                     u51:
  1176     07E9  2FF6               	goto	l121
  1177     07EA                     u50:
  1178     07EA                     l825:
  1179     07EA  3000               	movlw	0
  1180     07EB  0275               	subwf	_lum+1,w
  1181     07EC  301E               	movlw	30
  1182     07ED  1903               	skipnz
  1183     07EE  0274               	subwf	_lum,w
  1184     07EF  1803               	skipnc
  1185     07F0  2FF2               	goto	u61
  1186     07F1  2FF3               	goto	u60
  1187     07F2                     u61:
  1188     07F2  2FF6               	goto	l121
  1189     07F3                     u60:
  1190     07F3                     l118:	
  1191                           ;main.c: 76:             do { LATAbits.LATA3 = 1; } while(0);
  1192                           
  1193     07F3  0022               	movlb	2	; select bank2
  1194     07F4  158C               	bsf	12,3	;volatile
  1195     07F5  2FD9               	goto	l116
  1196     07F6                     l121:	
  1197                           ;main.c: 79:             do { LATAbits.LATA3 = 0; } while(0);
  1198                           
  1199     07F6  0022               	movlb	2	; select bank2
  1200     07F7  118C               	bcf	12,3	;volatile
  1201     07F8  2FD9               	goto	l116
  1202     07F9  3180  2802         	ljmp	start
  1203     07FB                     __end_of_main:
  1204                           
  1205                           	psect	text1
  1206     0797                     __ptext1:	
  1207 ;; *************** function _SYSTEM_Initialize *****************
  1208 ;; Defined at:
  1209 ;;		line 50 in file "mcc_generated_files/mcc.c"
  1210 ;; Parameters:    Size  Location     Type
  1211 ;;		None
  1212 ;; Auto vars:     Size  Location     Type
  1213 ;;		None
  1214 ;; Return value:  Size  Location     Type
  1215 ;;                  1    wreg      void 
  1216 ;; Registers used:
  1217 ;;		wreg, status,2, status,0, pclath, cstack
  1218 ;; Tracked objects:
  1219 ;;		On entry : 0/0
  1220 ;;		On exit  : 0/0
  1221 ;;		Unchanged: 0/0
  1222 ;; Data sizes:     COMMON   BANK0   BANK1   BANK2   BANK3   BANK4
  1223 ;;      Params:         0       0       0       0       0       0
  1224 ;;      Locals:         0       0       0       0       0       0
  1225 ;;      Temps:          0       0       0       0       0       0
  1226 ;;      Totals:         0       0       0       0       0       0
  1227 ;;Total ram usage:        0 bytes
  1228 ;; Hardware stack levels used: 1
  1229 ;; Hardware stack levels required when called: 1
  1230 ;; This function calls:
  1231 ;;		_ADC_Initialize
  1232 ;;		_FVR_Initialize
  1233 ;;		_OSCILLATOR_Initialize
  1234 ;;		_PIN_MANAGER_Initialize
  1235 ;;		_WDT_Initialize
  1236 ;; This function is called by:
  1237 ;;		_main
  1238 ;; This function uses a non-reentrant model
  1239 ;;
  1240                           
  1241     0797                     _SYSTEM_Initialize:	
  1242                           ;psect for function _SYSTEM_Initialize
  1243                           
  1244     0797                     l781:	
  1245                           ;incstack = 0
  1246                           ; Regs used in _SYSTEM_Initialize: [wreg+status,2+status,0+pclath+cstack]
  1247                           
  1248                           
  1249                           ;mcc_generated_files/mcc.c: 53:     PIN_MANAGER_Initialize();
  1250     0797  3187  27A7  3187   	fcall	_PIN_MANAGER_Initialize
  1251                           
  1252                           ;mcc_generated_files/mcc.c: 54:     OSCILLATOR_Initialize();
  1253     079A  3187  2788  3187   	fcall	_OSCILLATOR_Initialize
  1254                           
  1255                           ;mcc_generated_files/mcc.c: 55:     WDT_Initialize();
  1256     079D  3187  2784  3187   	fcall	_WDT_Initialize
  1257                           
  1258                           ;mcc_generated_files/mcc.c: 56:     FVR_Initialize();
  1259     07A0  3187  2780  3187   	fcall	_FVR_Initialize
  1260                           
  1261                           ;mcc_generated_files/mcc.c: 57:     ADC_Initialize();
  1262     07A3  3187  278F  3187   	fcall	_ADC_Initialize
  1263     07A6                     l97:
  1264     07A6  0008               	return
  1265     07A7                     __end_of_SYSTEM_Initialize:
  1266                           
  1267                           	psect	text2
  1268     0784                     __ptext2:	
  1269 ;; *************** function _WDT_Initialize *****************
  1270 ;; Defined at:
  1271 ;;		line 70 in file "mcc_generated_files/mcc.c"
  1272 ;; Parameters:    Size  Location     Type
  1273 ;;		None
  1274 ;; Auto vars:     Size  Location     Type
  1275 ;;		None
  1276 ;; Return value:  Size  Location     Type
  1277 ;;                  1    wreg      void 
  1278 ;; Registers used:
  1279 ;;		wreg
  1280 ;; Tracked objects:
  1281 ;;		On entry : 0/0
  1282 ;;		On exit  : 0/0
  1283 ;;		Unchanged: 0/0
  1284 ;; Data sizes:     COMMON   BANK0   BANK1   BANK2   BANK3   BANK4
  1285 ;;      Params:         0       0       0       0       0       0
  1286 ;;      Locals:         0       0       0       0       0       0
  1287 ;;      Temps:          0       0       0       0       0       0
  1288 ;;      Totals:         0       0       0       0       0       0
  1289 ;;Total ram usage:        0 bytes
  1290 ;; Hardware stack levels used: 1
  1291 ;; This function calls:
  1292 ;;		Nothing
  1293 ;; This function is called by:
  1294 ;;		_SYSTEM_Initialize
  1295 ;; This function uses a non-reentrant model
  1296 ;;
  1297                           
  1298     0784                     _WDT_Initialize:	
  1299                           ;psect for function _WDT_Initialize
  1300                           
  1301     0784                     l767:	
  1302                           ;incstack = 0
  1303                           ; Regs used in _WDT_Initialize: [wreg]
  1304                           
  1305                           
  1306                           ;mcc_generated_files/mcc.c: 73:     WDTCON = 0x16;
  1307     0784  3016               	movlw	22
  1308     0785  0021               	movlb	1	; select bank1
  1309     0786  0097               	movwf	23	;volatile
  1310     0787                     l103:
  1311     0787  0008               	return
  1312     0788                     __end_of_WDT_Initialize:
  1313                           
  1314                           	psect	text3
  1315     07A7                     __ptext3:	
  1316 ;; *************** function _PIN_MANAGER_Initialize *****************
  1317 ;; Defined at:
  1318 ;;		line 55 in file "mcc_generated_files/pin_manager.c"
  1319 ;; Parameters:    Size  Location     Type
  1320 ;;		None
  1321 ;; Auto vars:     Size  Location     Type
  1322 ;;		None
  1323 ;; Return value:  Size  Location     Type
  1324 ;;                  1    wreg      void 
  1325 ;; Registers used:
  1326 ;;		wreg, status,2
  1327 ;; Tracked objects:
  1328 ;;		On entry : 0/0
  1329 ;;		On exit  : 0/0
  1330 ;;		Unchanged: 0/0
  1331 ;; Data sizes:     COMMON   BANK0   BANK1   BANK2   BANK3   BANK4
  1332 ;;      Params:         0       0       0       0       0       0
  1333 ;;      Locals:         0       0       0       0       0       0
  1334 ;;      Temps:          0       0       0       0       0       0
  1335 ;;      Totals:         0       0       0       0       0       0
  1336 ;;Total ram usage:        0 bytes
  1337 ;; Hardware stack levels used: 1
  1338 ;; This function calls:
  1339 ;;		Nothing
  1340 ;; This function is called by:
  1341 ;;		_SYSTEM_Initialize
  1342 ;; This function uses a non-reentrant model
  1343 ;;
  1344                           
  1345     07A7                     _PIN_MANAGER_Initialize:	
  1346                           ;psect for function _PIN_MANAGER_Initialize
  1347                           
  1348     07A7                     l733:	
  1349                           ;incstack = 0
  1350                           ; Regs used in _PIN_MANAGER_Initialize: [wreg+status,2]
  1351                           
  1352                           
  1353                           ;mcc_generated_files/pin_manager.c: 60:     LATA = 0x00;
  1354     07A7  0022               	movlb	2	; select bank2
  1355     07A8  018C               	clrf	12	;volatile
  1356                           
  1357                           ;mcc_generated_files/pin_manager.c: 61:     LATB = 0x00;
  1358     07A9  018D               	clrf	13	;volatile
  1359     07AA                     l735:
  1360                           
  1361                           ;mcc_generated_files/pin_manager.c: 66:     TRISA = 0xF7;
  1362     07AA  30F7               	movlw	247
  1363     07AB  0021               	movlb	1	; select bank1
  1364     07AC  008C               	movwf	12	;volatile
  1365     07AD                     l737:
  1366                           
  1367                           ;mcc_generated_files/pin_manager.c: 67:     TRISB = 0xFF;
  1368     07AD  30FF               	movlw	255
  1369     07AE  008D               	movwf	13	;volatile
  1370     07AF                     l739:
  1371                           
  1372                           ;mcc_generated_files/pin_manager.c: 72:     ANSELB = 0xF0;
  1373     07AF  30F0               	movlw	240
  1374     07B0  0023               	movlb	3	; select bank3
  1375     07B1  008D               	movwf	13	;volatile
  1376     07B2                     l741:
  1377                           
  1378                           ;mcc_generated_files/pin_manager.c: 73:     ANSELA = 0x1F;
  1379     07B2  301F               	movlw	31
  1380     07B3  008C               	movwf	12	;volatile
  1381     07B4                     l743:
  1382                           
  1383                           ;mcc_generated_files/pin_manager.c: 78:     WPUB = 0x0F;
  1384     07B4  300F               	movlw	15
  1385     07B5  0024               	movlb	4	; select bank4
  1386     07B6  008D               	movwf	13	;volatile
  1387     07B7                     l745:
  1388                           
  1389                           ;mcc_generated_files/pin_manager.c: 79:     WPUA = 0x00;
  1390     07B7  018C               	clrf	12	;volatile
  1391     07B8                     l747:
  1392                           
  1393                           ;mcc_generated_files/pin_manager.c: 80:     OPTION_REGbits.nWPUEN = 0;
  1394     07B8  0021               	movlb	1	; select bank1
  1395     07B9  1395               	bcf	21,7	;volatile
  1396     07BA                     l749:
  1397                           
  1398                           ;mcc_generated_files/pin_manager.c: 86:     APFCON0 = 0x00;
  1399     07BA  0022               	movlb	2	; select bank2
  1400     07BB  019D               	clrf	29	;volatile
  1401     07BC                     l751:
  1402                           
  1403                           ;mcc_generated_files/pin_manager.c: 87:     APFCON1 = 0x00;
  1404     07BC  019E               	clrf	30	;volatile
  1405     07BD                     l25:
  1406     07BD  0008               	return
  1407     07BE                     __end_of_PIN_MANAGER_Initialize:
  1408                           
  1409                           	psect	text4
  1410     0788                     __ptext4:	
  1411 ;; *************** function _OSCILLATOR_Initialize *****************
  1412 ;; Defined at:
  1413 ;;		line 60 in file "mcc_generated_files/mcc.c"
  1414 ;; Parameters:    Size  Location     Type
  1415 ;;		None
  1416 ;; Auto vars:     Size  Location     Type
  1417 ;;		None
  1418 ;; Return value:  Size  Location     Type
  1419 ;;                  1    wreg      void 
  1420 ;; Registers used:
  1421 ;;		wreg, status,2
  1422 ;; Tracked objects:
  1423 ;;		On entry : 0/0
  1424 ;;		On exit  : 0/0
  1425 ;;		Unchanged: 0/0
  1426 ;; Data sizes:     COMMON   BANK0   BANK1   BANK2   BANK3   BANK4
  1427 ;;      Params:         0       0       0       0       0       0
  1428 ;;      Locals:         0       0       0       0       0       0
  1429 ;;      Temps:          0       0       0       0       0       0
  1430 ;;      Totals:         0       0       0       0       0       0
  1431 ;;Total ram usage:        0 bytes
  1432 ;; Hardware stack levels used: 1
  1433 ;; This function calls:
  1434 ;;		Nothing
  1435 ;; This function is called by:
  1436 ;;		_SYSTEM_Initialize
  1437 ;; This function uses a non-reentrant model
  1438 ;;
  1439                           
  1440     0788                     _OSCILLATOR_Initialize:	
  1441                           ;psect for function _OSCILLATOR_Initialize
  1442                           
  1443     0788                     l761:	
  1444                           ;incstack = 0
  1445                           ; Regs used in _OSCILLATOR_Initialize: [wreg+status,2]
  1446                           
  1447                           
  1448                           ;mcc_generated_files/mcc.c: 63:     OSCCON = 0x58;
  1449     0788  3058               	movlw	88
  1450     0789  0021               	movlb	1	; select bank1
  1451     078A  0099               	movwf	25	;volatile
  1452     078B                     l763:
  1453                           
  1454                           ;mcc_generated_files/mcc.c: 65:     OSCTUNE = 0x00;
  1455     078B  0198               	clrf	24	;volatile
  1456     078C                     l765:
  1457                           
  1458                           ;mcc_generated_files/mcc.c: 67:     BORCON = 0x00;
  1459     078C  0022               	movlb	2	; select bank2
  1460     078D  0196               	clrf	22	;volatile
  1461     078E                     l100:
  1462     078E  0008               	return
  1463     078F                     __end_of_OSCILLATOR_Initialize:
  1464                           
  1465                           	psect	text5
  1466     0780                     __ptext5:	
  1467 ;; *************** function _FVR_Initialize *****************
  1468 ;; Defined at:
  1469 ;;		line 58 in file "mcc_generated_files/fvr.c"
  1470 ;; Parameters:    Size  Location     Type
  1471 ;;		None
  1472 ;; Auto vars:     Size  Location     Type
  1473 ;;		None
  1474 ;; Return value:  Size  Location     Type
  1475 ;;                  1    wreg      void 
  1476 ;; Registers used:
  1477 ;;		wreg
  1478 ;; Tracked objects:
  1479 ;;		On entry : 0/0
  1480 ;;		On exit  : 0/0
  1481 ;;		Unchanged: 0/0
  1482 ;; Data sizes:     COMMON   BANK0   BANK1   BANK2   BANK3   BANK4
  1483 ;;      Params:         0       0       0       0       0       0
  1484 ;;      Locals:         0       0       0       0       0       0
  1485 ;;      Temps:          0       0       0       0       0       0
  1486 ;;      Totals:         0       0       0       0       0       0
  1487 ;;Total ram usage:        0 bytes
  1488 ;; Hardware stack levels used: 1
  1489 ;; This function calls:
  1490 ;;		Nothing
  1491 ;; This function is called by:
  1492 ;;		_SYSTEM_Initialize
  1493 ;; This function uses a non-reentrant model
  1494 ;;
  1495                           
  1496     0780                     _FVR_Initialize:	
  1497                           ;psect for function _FVR_Initialize
  1498                           
  1499     0780                     l753:	
  1500                           ;incstack = 0
  1501                           ; Regs used in _FVR_Initialize: [wreg]
  1502                           
  1503                           
  1504                           ;mcc_generated_files/fvr.c: 61:     FVRCON = 0x82;
  1505     0780  3082               	movlw	130
  1506     0781  0022               	movlb	2	; select bank2
  1507     0782  0097               	movwf	23	;volatile
  1508     0783                     l35:
  1509     0783  0008               	return
  1510     0784                     __end_of_FVR_Initialize:
  1511                           
  1512                           	psect	text6
  1513     078F                     __ptext6:	
  1514 ;; *************** function _ADC_Initialize *****************
  1515 ;; Defined at:
  1516 ;;		line 67 in file "mcc_generated_files/adc.c"
  1517 ;; Parameters:    Size  Location     Type
  1518 ;;		None
  1519 ;; Auto vars:     Size  Location     Type
  1520 ;;		None
  1521 ;; Return value:  Size  Location     Type
  1522 ;;                  1    wreg      void 
  1523 ;; Registers used:
  1524 ;;		wreg, status,2
  1525 ;; Tracked objects:
  1526 ;;		On entry : 0/0
  1527 ;;		On exit  : 0/0
  1528 ;;		Unchanged: 0/0
  1529 ;; Data sizes:     COMMON   BANK0   BANK1   BANK2   BANK3   BANK4
  1530 ;;      Params:         0       0       0       0       0       0
  1531 ;;      Locals:         0       0       0       0       0       0
  1532 ;;      Temps:          0       0       0       0       0       0
  1533 ;;      Totals:         0       0       0       0       0       0
  1534 ;;Total ram usage:        0 bytes
  1535 ;; Hardware stack levels used: 1
  1536 ;; This function calls:
  1537 ;;		Nothing
  1538 ;; This function is called by:
  1539 ;;		_SYSTEM_Initialize
  1540 ;; This function uses a non-reentrant model
  1541 ;;
  1542                           
  1543     078F                     _ADC_Initialize:	
  1544                           ;psect for function _ADC_Initialize
  1545                           
  1546     078F                     l755:	
  1547                           ;incstack = 0
  1548                           ; Regs used in _ADC_Initialize: [wreg+status,2]
  1549                           
  1550                           
  1551                           ;mcc_generated_files/adc.c: 72:     ADCON1 = 0x83;
  1552     078F  3083               	movlw	131
  1553     0790  0021               	movlb	1	; select bank1
  1554     0791  009E               	movwf	30	;volatile
  1555     0792                     l757:
  1556                           
  1557                           ;mcc_generated_files/adc.c: 75:     ADRESL = 0x00;
  1558     0792  019B               	clrf	27	;volatile
  1559     0793                     l759:
  1560                           
  1561                           ;mcc_generated_files/adc.c: 78:     ADRESH = 0x00;
  1562     0793  019C               	clrf	28	;volatile
  1563                           
  1564                           ;mcc_generated_files/adc.c: 81:     ADCON0 = 0x01;
  1565     0794  3001               	movlw	1
  1566     0795  009D               	movwf	29	;volatile
  1567     0796                     l55:
  1568     0796  0008               	return
  1569     0797                     __end_of_ADC_Initialize:
  1570                           
  1571                           	psect	text7
  1572     07BE                     __ptext7:	
  1573 ;; *************** function _ADC_GetConversion *****************
  1574 ;; Defined at:
  1575 ;;		line 112 in file "mcc_generated_files/adc.c"
  1576 ;; Parameters:    Size  Location     Type
  1577 ;;  channel         1    wreg     enum E2495
  1578 ;; Auto vars:     Size  Location     Type
  1579 ;;  channel         1    3[COMMON] enum E2495
  1580 ;; Return value:  Size  Location     Type
  1581 ;;                  2    0[COMMON] unsigned short 
  1582 ;; Registers used:
  1583 ;;		wreg, status,2, status,0
  1584 ;; Tracked objects:
  1585 ;;		On entry : 0/0
  1586 ;;		On exit  : 0/0
  1587 ;;		Unchanged: 0/0
  1588 ;; Data sizes:     COMMON   BANK0   BANK1   BANK2   BANK3   BANK4
  1589 ;;      Params:         2       0       0       0       0       0
  1590 ;;      Locals:         1       0       0       0       0       0
  1591 ;;      Temps:          1       0       0       0       0       0
  1592 ;;      Totals:         4       0       0       0       0       0
  1593 ;;Total ram usage:        4 bytes
  1594 ;; Hardware stack levels used: 1
  1595 ;; This function calls:
  1596 ;;		Nothing
  1597 ;; This function is called by:
  1598 ;;		_main
  1599 ;; This function uses a non-reentrant model
  1600 ;;
  1601                           
  1602     07BE                     _ADC_GetConversion:	
  1603                           ;psect for function _ADC_GetConversion
  1604                           
  1605                           
  1606                           ;incstack = 0
  1607                           ; Regs used in _ADC_GetConversion: [wreg+status,2+status,0]
  1608                           ;ADC_GetConversion@channel stored from wreg
  1609     07BE  00F3               	movwf	ADC_GetConversion@channel
  1610     07BF                     l809:
  1611                           
  1612                           ;mcc_generated_files/adc.c: 112: adc_result_t ADC_GetConversion(adc_channel_t channel);m
      +                          cc_generated_files/adc.c: 113: {;mcc_generated_files/adc.c: 115:     ADCON0bits.CHS = ch
      +                          annel;
  1613     07BF  0873               	movf	ADC_GetConversion@channel,w
  1614     07C0  00F2               	movwf	??_ADC_GetConversion
  1615     07C1  0DF2               	rlf	??_ADC_GetConversion,f
  1616     07C2  0DF2               	rlf	??_ADC_GetConversion,f
  1617     07C3  0021               	movlb	1	; select bank1
  1618     07C4  081D               	movf	29,w	;volatile
  1619     07C5  0672               	xorwf	??_ADC_GetConversion,w
  1620     07C6  3983               	andlw	-125
  1621     07C7  0672               	xorwf	??_ADC_GetConversion,w
  1622     07C8  009D               	movwf	29	;volatile
  1623     07C9                     l811:
  1624                           
  1625                           ;mcc_generated_files/adc.c: 118:     ADCON0bits.ADON = 1;
  1626     07C9  141D               	bsf	29,0	;volatile
  1627     07CA                     l813:
  1628                           
  1629                           ;mcc_generated_files/adc.c: 121:     _delay((unsigned long)((5)*(1000000/4000000.0)));
  1630     07CA  0000               	nop
  1631     07CB                     l815:
  1632                           
  1633                           ;mcc_generated_files/adc.c: 124:     ADCON0bits.GO_nDONE = 1;
  1634     07CB  0021               	movlb	1	; select bank1
  1635     07CC  149D               	bsf	29,1	;volatile
  1636     07CD                     l70:	
  1637                           ;mcc_generated_files/adc.c: 128:     {;mcc_generated_files/adc.c: 129:     }
  1638                           
  1639                           
  1640                           ;mcc_generated_files/adc.c: 127:     while (ADCON0bits.GO_nDONE)
  1641     07CD  189D               	btfsc	29,1	;volatile
  1642     07CE  2FD0               	goto	u41
  1643     07CF  2FD1               	goto	u40
  1644     07D0                     u41:
  1645     07D0  2FCD               	goto	l70
  1646     07D1                     u40:
  1647     07D1                     l817:
  1648                           
  1649                           ;mcc_generated_files/adc.c: 132:     return ((adc_result_t)((ADRESH << 8) + ADRESL));
  1650     07D1  081C               	movf	28,w	;volatile
  1651     07D2  00F1               	movwf	?_ADC_GetConversion+1
  1652     07D3  081B               	movf	27,w	;volatile
  1653     07D4  00F0               	movwf	?_ADC_GetConversion
  1654     07D5                     l73:
  1655     07D5  0008               	return
  1656     07D6                     __end_of_ADC_GetConversion:
  1657     007E                     btemp	set	126	;btemp
  1658     007E                     wtemp0	set	126
  1659                           
  1660                           	psect	idloc
  1661                           
  1662                           ;Config register IDLOC0 @ 0x8000
  1663                           ;	unspecified, using default values
  1664     8000                     	org	32768
  1665     8000  3FFF               	dw	16383
  1666                           
  1667                           ;Config register IDLOC1 @ 0x8001
  1668                           ;	unspecified, using default values
  1669     8001                     	org	32769
  1670     8001  3FFF               	dw	16383
  1671                           
  1672                           ;Config register IDLOC2 @ 0x8002
  1673                           ;	unspecified, using default values
  1674     8002                     	org	32770
  1675     8002  3FFF               	dw	16383
  1676                           
  1677                           ;Config register IDLOC3 @ 0x8003
  1678                           ;	unspecified, using default values
  1679     8003                     	org	32771
  1680     8003  3FFF               	dw	16383
  1681                           
  1682                           	psect	config
  1683                           
  1684                           ;Config register CONFIG1 @ 0x8007
  1685                           ;	Oscillator Selection
  1686                           ;	FOSC = INTOSC, INTOSC oscillator: I/O function on CLKIN pin
  1687                           ;	Watchdog Timer Enable
  1688                           ;	WDTE = OFF, WDT disabled
  1689                           ;	Power-up Timer Enable
  1690                           ;	PWRTE = OFF, PWRT disabled
  1691                           ;	MCLR Pin Function Select
  1692                           ;	MCLRE = ON, MCLR/VPP pin function is MCLR
  1693                           ;	Flash Program Memory Code Protection
  1694                           ;	CP = OFF, Program memory code protection is disabled
  1695                           ;	Data Memory Code Protection
  1696                           ;	CPD = OFF, Data memory code protection is disabled
  1697                           ;	Brown-out Reset Enable
  1698                           ;	BOREN = ON, Brown-out Reset enabled
  1699                           ;	Clock Out Enable
  1700                           ;	CLKOUTEN = OFF, CLKOUT function is disabled. I/O or oscillator function on the CLKOUT 
      +                          pin
  1701                           ;	Internal/External Switchover
  1702                           ;	IESO = ON, Internal/External Switchover mode is enabled
  1703                           ;	Fail-Safe Clock Monitor Enable
  1704                           ;	FCMEN = ON, Fail-Safe Clock Monitor is enabled
  1705     8007                     	org	32775
  1706     8007  3FE4               	dw	16356
  1707                           
  1708                           ;Config register CONFIG2 @ 0x8008
  1709                           ;	Flash Memory Self-Write Protection
  1710                           ;	WRT = OFF, Write protection off
  1711                           ;	PLL Enable
  1712                           ;	PLLEN = OFF, 4x PLL disabled
  1713                           ;	Stack Overflow/Underflow Reset Enable
  1714                           ;	STVREN = ON, Stack Overflow or Underflow will cause a Reset
  1715                           ;	Brown-out Reset Voltage Selection
  1716                           ;	BORV = LO, Brown-out Reset Voltage (Vbor), low trip point selected.
  1717                           ;	In-Circuit Debugger Mode
  1718                           ;	DEBUG = 0x1, unprogrammed default
  1719                           ;	Low-Voltage Programming Enable
  1720                           ;	LVP = ON, Low-voltage programming enabled
  1721     8008                     	org	32776
  1722     8008  3EFF               	dw	16127

Data Sizes:
    Strings     0
    Constant    0
    Data        0
    BSS         2
    Persistent  34
    Stack       0

Auto Spaces:
    Space          Size  Autos    Used
    COMMON           14      4       8
    BANK0            80      0       0
    BANK1            80      0       0
    BANK2            80      0       0
    BANK3            80      0       0
    BANK4            48      0       0

Pointer List with Targets:

    ADC_InterruptHandler	PTR FTN()void  size(2) Largest target is 1
		 -> NULL(), 


Critical Paths under _main in COMMON

    _main->_ADC_GetConversion

Critical Paths under _main in BANK0

    None.

Critical Paths under _main in BANK1

    None.

Critical Paths under _main in BANK2

    None.

Critical Paths under _main in BANK3

    None.

Critical Paths under _main in BANK4

    None.

Call Graph Tables:

 ---------------------------------------------------------------------------------
 (Depth) Function   	        Calls       Base Space   Used Autos Params    Refs
 ---------------------------------------------------------------------------------
 (0) _main                                                 0     0      0      22
                  _ADC_GetConversion
                  _SYSTEM_Initialize
 ---------------------------------------------------------------------------------
 (1) _SYSTEM_Initialize                                    0     0      0       0
                     _ADC_Initialize
                     _FVR_Initialize
              _OSCILLATOR_Initialize
             _PIN_MANAGER_Initialize
                     _WDT_Initialize
 ---------------------------------------------------------------------------------
 (2) _WDT_Initialize                                       0     0      0       0
 ---------------------------------------------------------------------------------
 (2) _PIN_MANAGER_Initialize                               0     0      0       0
 ---------------------------------------------------------------------------------
 (2) _OSCILLATOR_Initialize                                0     0      0       0
 ---------------------------------------------------------------------------------
 (2) _FVR_Initialize                                       0     0      0       0
 ---------------------------------------------------------------------------------
 (2) _ADC_Initialize                                       0     0      0       0
 ---------------------------------------------------------------------------------
 (1) _ADC_GetConversion                                    4     2      2      22
                                              0 COMMON     4     2      2
 ---------------------------------------------------------------------------------
 Estimated maximum stack depth 2
 ---------------------------------------------------------------------------------

 Call Graph Graphs:

 _main (ROOT)
   _ADC_GetConversion
   _SYSTEM_Initialize
     _ADC_Initialize
     _FVR_Initialize
     _OSCILLATOR_Initialize
     _PIN_MANAGER_Initialize
     _WDT_Initialize

 Address spaces:
Name               Size   Autos  Total    Cost      Usage
BIGRAM             170      0       0       0        0.0%
EEDATA             100      0       0       0        0.0%
NULL                 0      0       0       0        0.0%
CODE                 0      0       0       0        0.0%
BITCOMMON            E      0       0       1        0.0%
BITSFR0              0      0       0       1        0.0%
SFR0                 0      0       0       1        0.0%
COMMON               E      4       8       2       57.1%
BITSFR1              0      0       0       2        0.0%
SFR1                 0      0       0       2        0.0%
BITSFR2              0      0       0       3        0.0%
SFR2                 0      0       0       3        0.0%
STACK                0      0       0       3        0.0%
BITSFR3              0      0       0       4        0.0%
SFR3                 0      0       0       4        0.0%
ABS                  0      0       8       4        0.0%
BITBANK0            50      0       0       5        0.0%
BITSFR4              0      0       0       5        0.0%
SFR4                 0      0       0       5        0.0%
BANK0               50      0       0       6        0.0%
BITSFR5              0      0       0       6        0.0%
SFR5                 0      0       0       6        0.0%
BITBANK1            50      0       0       7        0.0%
BITSFR6              0      0       0       7        0.0%
SFR6                 0      0       0       7        0.0%
BANK1               50      0       0       8        0.0%
BITSFR7              0      0       0       8        0.0%
SFR7                 0      0       0       8        0.0%
BITBANK2            50      0       0       9        0.0%
BITSFR8              0      0       0       9        0.0%
SFR8                 0      0       0       9        0.0%
BANK2               50      0       0      10        0.0%
BITSFR9              0      0       0      10        0.0%
SFR9                 0      0       0      10        0.0%
BITBANK3            50      0       0      11        0.0%
BITSFR10             0      0       0      11        0.0%
SFR10                0      0       0      11        0.0%
BANK3               50      0       0      12        0.0%
BITSFR11             0      0       0      12        0.0%
SFR11                0      0       0      12        0.0%
BITBANK4            30      0       0      13        0.0%
BITSFR12             0      0       0      13        0.0%
SFR12                0      0       0      13        0.0%
BANK4               30      0       0      14        0.0%
BITSFR13             0      0       0      14        0.0%
SFR13                0      0       0      14        0.0%
BITSFR14             0      0       0      15        0.0%
SFR14                0      0       0      15        0.0%
DATA                 0      0       8      15        0.0%
BITSFR15             0      0       0      16        0.0%
SFR15                0      0       0      16        0.0%
BITSFR16             0      0       0      17        0.0%
SFR16                0      0       0      17        0.0%
BITSFR17             0      0       0      18        0.0%
SFR17                0      0       0      18        0.0%
BITSFR18             0      0       0      19        0.0%
SFR18                0      0       0      19        0.0%
BITSFR19             0      0       0      20        0.0%
SFR19                0      0       0      20        0.0%
BITSFR20             0      0       0      21        0.0%
SFR20                0      0       0      21        0.0%
BITSFR21             0      0       0      22        0.0%
SFR21                0      0       0      22        0.0%
BITSFR22             0      0       0      23        0.0%
SFR22                0      0       0      23        0.0%
BITSFR23             0      0       0      24        0.0%
SFR23                0      0       0      24        0.0%
BITSFR24             0      0       0      25        0.0%
SFR24                0      0       0      25        0.0%
BITSFR25             0      0       0      26        0.0%
SFR25                0      0       0      26        0.0%
BITSFR26             0      0       0      27        0.0%
SFR26                0      0       0      27        0.0%
BITSFR27             0      0       0      28        0.0%
SFR27                0      0       0      28        0.0%
BITSFR28             0      0       0      29        0.0%
SFR28                0      0       0      29        0.0%
BITSFR29             0      0       0      30        0.0%
SFR29                0      0       0      30        0.0%
BITSFR30             0      0       0      31        0.0%
SFR30                0      0       0      31        0.0%
BITSFR31             0      0       0      32        0.0%
SFR31                0      0       0      32        0.0%


Microchip Technology PIC Macro Assembler V2.46 build 20240104201356 
Symbol Table                                                                                   Sat Jul  6 20:06:30 2024

                            l25 07BD                              l35 0783                              l70 07CD  
                            l55 0796                              l73 07D5                              l97 07A6  
                            u40 07D1                              u41 07D0                              u50 07EA  
                            u51 07E9                              u60 07F3                              u61 07F2  
        __end_of_FVR_Initialize 0784                             l100 078E                             l103 0787  
                           l121 07F6                             l116 07D9                             l118 07F3  
                           l811 07C9                             l813 07CA                             l741 07B2  
                           l733 07A7                             l821 07D6                             l815 07CB  
                           l751 07BC                             l743 07B4                             l735 07AA  
                           l823 07E1                             l817 07D1                             l809 07BF  
                           l753 0780                             l761 0788                             l745 07B7  
                           l737 07AD                             l825 07EA                             l755 078F  
                           l763 078B                             l747 07B8                             l739 07AF  
                           l757 0792                             l765 078C                             l749 07BA  
                           l781 0797                             l759 0793                             l767 0784  
                           _lum 0074                            _LATA 010C                            _LATB 010D  
                          _WPUA 020C                            _WPUB 020D                            _main 07D6  
                          btemp 007E                            start 0002                 ?_FVR_Initialize 0070  
 __end_of_OSCILLATOR_Initialize 078F                           ?_main 0070                           _TRISA 008C  
                         _TRISB 008D                  _WDT_Initialize 0784                           wtemp0 007E  
               __initialization 07FB                    __end_of_main 07FB                          ??_main 0074  
        __end_of_WDT_Initialize 0788                          _ADCON0 009D                          _ADCON1 009E  
                        _ADRESH 009C                          _ADRESL 009B                          _ANSELA 018C  
                        _ANSELB 018D                          _BORCON 0116                          _FVRCON 0117  
                        _OSCCON 0099                          _WDTCON 0097                 ?_WDT_Initialize 0070  
      ADC_GetConversion@channel 0073               _SYSTEM_Initialize 0797         __end_of__initialization 07FD  
            ?_SYSTEM_Initialize 0070                  __pcstackCOMMON 0070             ??_SYSTEM_Initialize 0070  
                _OPTION_REGbits 0095       __end_of_SYSTEM_Initialize 07A7                      __pnvCOMMON 0074  
              ??_FVR_Initialize 0070                      __pmaintext 07D6                         _APFCON0 011D  
                       _APFCON1 011E                         _OSCTUNE 0098            _ADC_InterruptHandler 0076  
                       __ptext1 0797                         __ptext2 0784                         __ptext3 07A7  
                       __ptext4 0788                         __ptext5 0780                         __ptext6 078F  
                       __ptext7 07BE           _OSCILLATOR_Initialize 0788        ??_PIN_MANAGER_Initialize 0070  
          end_of_initialization 07FD                ??_WDT_Initialize 0070                  _ADC_Initialize 078F  
        ?_OSCILLATOR_Initialize 0070             start_initialization 07FB          __end_of_ADC_Initialize 0797  
                   __pbssCOMMON 0076                       ___latbits 0001          _PIN_MANAGER_Initialize 07A7  
               ?_ADC_Initialize 0070                        _LATAbits 010C                      _ADCON0bits 009D  
             _ADC_GetConversion 07BE         ??_OSCILLATOR_Initialize 0070              ?_ADC_GetConversion 0070  
           ??_ADC_GetConversion 0072       __end_of_ADC_GetConversion 07D6                      _FVRCONbits 0117  
       ?_PIN_MANAGER_Initialize 0070                ??_ADC_Initialize 0070                  _FVR_Initialize 0780  
__end_of_PIN_MANAGER_Initialize 07BE  
